////////////////////////////////////////////////////////////
Starting conversion at 06/05/2026 17:56:48,775
////////////////////////////////////////////////////////////

------------------------------------------------------------
Converting Recnum table: 253, CodeType, Code Maintenance Type Table
Progress:Start time: 06/05/2026 17:56:48,777
Start time: 06/05/2026 17:56:48,777
Structure_Start
Structure_Copy
Set_Attribute DF_FILE_RECNUM_TABLE to 0
Replacing recnum with primary index:1
Set_Attribute DF_FILE_PRIMARY_INDEX to 1
Set_Attribute DF_INDEX_SQL_PRIMARY_KEY to 1
AssignMinimalLength
RealignOverlaps
Structure_End
Progress:Creating new table.
Creating new table.
Progress:ERROR 12289: General error 42S01 (1050)--[MySQL][ODBC 9.7(w) Driver][mysqld-9.7.0]Table 'codetype' already exists  Table = CodeType (0), Source = ODBC_DRV.Structure_End.CreateTable
ERROR 12289: General error 42S01 (1050)--[MySQL][ODBC 9.7(w) Driver][mysqld-9.7.0]Table 'codetype' already exists  Table = CodeType (0), Source = ODBC_DRV.Structure_End.CreateTable
Progress:End time: 06/05/2026 17:56:48,788
End time: 06/05/2026 17:56:48,788
Progress:Total time to convert table: 0:0:0:0,011
Total time to convert table: 0:0:0:0,011

------------------------------------------------------------
Converting Recnum table: 254, CodeMast, Code Maintenance Code Table
Progress:Start time: 06/05/2026 17:56:48,788
Start time: 06/05/2026 17:56:48,788
Structure_Start
Structure_Copy
Set_Attribute DF_FILE_RECNUM_TABLE to 0
Replacing recnum with primary index:1
Set_Attribute DF_FILE_PRIMARY_INDEX to 1
Set_Attribute DF_INDEX_SQL_PRIMARY_KEY to 1
AssignMinimalLength
RealignOverlaps
Structure_End
Progress:Creating new table.
Creating new table.
Progress:ERROR 12289: General error 42S01 (1050)--[MySQL][ODBC 9.7(w) Driver][mysqld-9.7.0]Table 'codemast' already exists  Table = CodeMast (0), Source = ODBC_DRV.Structure_End.CreateTable
ERROR 12289: General error 42S01 (1050)--[MySQL][ODBC 9.7(w) Driver][mysqld-9.7.0]Table 'codemast' already exists  Table = CodeMast (0), Source = ODBC_DRV.Structure_End.CreateTable
Progress:End time: 06/05/2026 17:56:48,788
End time: 06/05/2026 17:56:48,788
Progress:Total time to convert table: 0:0:0:0
Total time to convert table: 0:0:0:0

------------------------------------------------------------
Converting Recnum table: 263, WebAppSession, WebApp Session
Progress:Start time: 06/05/2026 17:56:48,803
Start time: 06/05/2026 17:56:48,803
Structure_Start
Structure_Copy
Set_Attribute DF_FILE_RECNUM_TABLE to 0
Replacing recnum with primary index:1
Set_Attribute DF_FILE_PRIMARY_INDEX to 1
Set_Attribute DF_INDEX_SQL_PRIMARY_KEY to 1
AssignMinimalLength
RealignOverlaps
Structure_End
Progress:Creating new table.
Creating new table.
Progress:ERROR 12289: General error 42S01 (1050)--[MySQL][ODBC 9.7(w) Driver][mysqld-9.7.0]Table 'webappsession' already exists  Table = WebAppSession (0), Source = ODBC_DRV.Structure_End.CreateTable
ERROR 12289: General error 42S01 (1050)--[MySQL][ODBC 9.7(w) Driver][mysqld-9.7.0]Table 'webappsession' already exists  Table = WebAppSession (0), Source = ODBC_DRV.Structure_End.CreateTable
Progress:End time: 06/05/2026 17:56:48,803
End time: 06/05/2026 17:56:48,803
Progress:Total time to convert table: 0:0:0:0
Total time to convert table: 0:0:0:0

------------------------------------------------------------
Converting Recnum table: 264, WebAppUser, WebApp User
Progress:Start time: 06/05/2026 17:56:48,803
Start time: 06/05/2026 17:56:48,803
Structure_Start
Structure_Copy
Set_Attribute DF_FILE_RECNUM_TABLE to 0
Replacing recnum with primary index:1
Set_Attribute DF_FILE_PRIMARY_INDEX to 1
Set_Attribute DF_INDEX_SQL_PRIMARY_KEY to 1
AssignMinimalLength
RealignOverlaps
Structure_End
Progress:Creating new table.
Creating new table.
Progress:Creating primary key PRIMARY.
Creating primary key PRIMARY.
Progress:Creating intermediate file.
Creating intermediate file.
CLI_DROPINDICES
Progress:Temporary delete of all indices of table webappuser.
Temporary delete of all indices of table webappuser.
Progress:Dropping primary key PRIMARY.
Dropping primary key PRIMARY.
Progress:Copying record
Progress:All 1 records copied.
All 1 records copied.
CLI_CREATEINDICES
Progress:Re-creating temporary deleted indices of table webappuser.
Re-creating temporary deleted indices of table webappuser.
Progress:Creating primary key PRIMARY.
Creating primary key PRIMARY.
Close hSQLTable
Close ahTables[iCount]
Adjust filelist slot
Output_def_file
Progress:End time: 06/05/2026 17:56:49,02
End time: 06/05/2026 17:56:49,02
Progress:Total time to convert table: 0:0:0:0,217
Total time to convert table: 0:0:0:0,217

------------------------------------------------------------
Converting Recnum table: 265, WebAppServerProps, WebApp Server Props
Progress:Start time: 06/05/2026 17:56:49,024
Start time: 06/05/2026 17:56:49,024
Structure_Start
Structure_Copy
Set_Attribute DF_FILE_RECNUM_TABLE to 0
Replacing recnum with primary index:1
Set_Attribute DF_FILE_PRIMARY_INDEX to 1
Set_Attribute DF_INDEX_SQL_PRIMARY_KEY to 1
AssignMinimalLength
RealignOverlaps
Structure_End
Progress:Creating new table.
Creating new table.
Progress:Creating primary key PRIMARY.
Creating primary key PRIMARY.
Progress:Creating index WebAppServerProps002.
Creating index WebAppServerProps002.
Progress:Creating intermediate file.
Creating intermediate file.
CLI_DROPINDICES
Progress:Temporary delete of all indices of table webappserverprops.
Temporary delete of all indices of table webappserverprops.
Progress:Dropping primary key PRIMARY.
Dropping primary key PRIMARY.
Progress:Dropping index WebAppServerProps002.
Dropping index WebAppServerProps002.
Progress:Copying record
Progress:All 0 records copied.
All 0 records copied.
CLI_CREATEINDICES
Progress:Re-creating temporary deleted indices of table webappserverprops.
Re-creating temporary deleted indices of table webappserverprops.
Progress:Creating primary key PRIMARY.
Creating primary key PRIMARY.
Progress:Creating index WebAppServerProps002.
Creating index WebAppServerProps002.
Close hSQLTable
Close ahTables[iCount]
Adjust filelist slot
Output_def_file
Progress:End time: 06/05/2026 17:56:49,198
End time: 06/05/2026 17:56:49,198
Progress:Total time to convert table: 0:0:0:0,174
Total time to convert table: 0:0:0:0,174

------------------------------------------------------------
Converting Recnum table: 270, DFLastID, DFLastID
Progress:Start time: 06/05/2026 17:56:49,198
Start time: 06/05/2026 17:56:49,198
Structure_Start
Structure_Copy
Set_Attribute DF_FILE_PRIMARY_INDEX to 0
AssignMinimalLength
RealignOverlaps
Structure_End
Progress:Creating new table.
Creating new table.
Progress:ERROR 12289: General error HY000 (4028)--[MySQL][ODBC 9.7(w) Driver][mysqld-9.7.0]A table must have at least one visible column.  Table = DFLastID (0), Source = ODBC_DRV.Structure_End.CreateTable
ERROR 12289: General error HY000 (4028)--[MySQL][ODBC 9.7(w) Driver][mysqld-9.7.0]A table must have at least one visible column.  Table = DFLastID (0), Source = ODBC_DRV.Structure_End.CreateTable
Progress:End time: 06/05/2026 17:56:49,214
End time: 06/05/2026 17:56:49,214
Progress:Total time to convert table: 0:0:0:0,016
Total time to convert table: 0:0:0:0,016

############################################################
List of tables that experienced errors while converting:
   CodeType - Unable to create.
   CodeMast - Unable to create.
   WebAppSes- Unable to create.
   DFLastID - Unable to create.
////////////////////////////////////////////////////////////
Finished conversion at 06/05/2026 17:56:49,214
Total conversion time: 0:0:0:0,439
////////////////////////////////////////////////////////////
////////////////////////////////////////////////////////////
Starting conversion at 06/05/2026 17:57:58,172
////////////////////////////////////////////////////////////

------------------------------------------------------------
Converting Recnum table: 253, CodeType, Code Maintenance Type Table
Progress:Start time: 06/05/2026 17:57:58,172
Start time: 06/05/2026 17:57:58,172
Structure_Start
Structure_Copy
Set_Attribute DF_FILE_RECNUM_TABLE to 0
Replacing recnum with primary index:1
Set_Attribute DF_FILE_PRIMARY_INDEX to 1
Set_Attribute DF_INDEX_SQL_PRIMARY_KEY to 1
AssignMinimalLength
RealignOverlaps
Structure_End
Progress:Creating new table.
Creating new table.
Progress:ERROR 12289: General error 42S01 (1050)--[MySQL][ODBC 9.7(w) Driver][mysqld-9.7.0]Table 'codetype' already exists  Table = CodeType (0), Source = ODBC_DRV.Structure_End.CreateTable
ERROR 12289: General error 42S01 (1050)--[MySQL][ODBC 9.7(w) Driver][mysqld-9.7.0]Table 'codetype' already exists  Table = CodeType (0), Source = ODBC_DRV.Structure_End.CreateTable
Progress:End time: 06/05/2026 17:57:58,183
End time: 06/05/2026 17:57:58,183
Progress:Total time to convert table: 0:0:0:0,011
Total time to convert table: 0:0:0:0,011

------------------------------------------------------------
Converting Recnum table: 254, CodeMast, Code Maintenance Code Table
Progress:Start time: 06/05/2026 17:57:58,183
Start time: 06/05/2026 17:57:58,183
Structure_Start
Structure_Copy
Set_Attribute DF_FILE_RECNUM_TABLE to 0
Replacing recnum with primary index:1
Set_Attribute DF_FILE_PRIMARY_INDEX to 1
Set_Attribute DF_INDEX_SQL_PRIMARY_KEY to 1
AssignMinimalLength
RealignOverlaps
Structure_End
Progress:Creating new table.
Creating new table.
Progress:ERROR 12289: General error 42S01 (1050)--[MySQL][ODBC 9.7(w) Driver][mysqld-9.7.0]Table 'codemast' already exists  Table = CodeMast (0), Source = ODBC_DRV.Structure_End.CreateTable
ERROR 12289: General error 42S01 (1050)--[MySQL][ODBC 9.7(w) Driver][mysqld-9.7.0]Table 'codemast' already exists  Table = CodeMast (0), Source = ODBC_DRV.Structure_End.CreateTable
Progress:End time: 06/05/2026 17:57:58,187
End time: 06/05/2026 17:57:58,187
Progress:Total time to convert table: 0:0:0:0,004
Total time to convert table: 0:0:0:0,004

------------------------------------------------------------
Converting Recnum table: 263, WebAppSession, WebApp Session
Progress:Start time: 06/05/2026 17:57:58,187
Start time: 06/05/2026 17:57:58,187
Structure_Start
Structure_Copy
Set_Attribute DF_FILE_RECNUM_TABLE to 0
Replacing recnum with primary index:1
Set_Attribute DF_FILE_PRIMARY_INDEX to 1
Set_Attribute DF_INDEX_SQL_PRIMARY_KEY to 1
AssignMinimalLength
RealignOverlaps
Structure_End
Progress:Creating new table.
Creating new table.
Progress:ERROR 12289: General error 42S01 (1050)--[MySQL][ODBC 9.7(w) Driver][mysqld-9.7.0]Table 'webappsession' already exists  Table = WebAppSession (0), Source = ODBC_DRV.Structure_End.CreateTable
ERROR 12289: General error 42S01 (1050)--[MySQL][ODBC 9.7(w) Driver][mysqld-9.7.0]Table 'webappsession' already exists  Table = WebAppSession (0), Source = ODBC_DRV.Structure_End.CreateTable
Progress:End time: 06/05/2026 17:57:58,187
End time: 06/05/2026 17:57:58,187
Progress:Total time to convert table: 0:0:0:0
Total time to convert table: 0:0:0:0

------------------------------------------------------------
Converting Recnum table: 270, DFLastID, DFLastID
Progress:Start time: 06/05/2026 17:57:58,203
Start time: 06/05/2026 17:57:58,203
Structure_Start
Structure_Copy
Set_Attribute DF_FILE_PRIMARY_INDEX to 0
AssignMinimalLength
RealignOverlaps
Structure_End
Progress:Creating new table.
Creating new table.
Progress:ERROR 12289: General error HY000 (4028)--[MySQL][ODBC 9.7(w) Driver][mysqld-9.7.0]A table must have at least one visible column.  Table = DFLastID (0), Source = ODBC_DRV.Structure_End.CreateTable
ERROR 12289: General error HY000 (4028)--[MySQL][ODBC 9.7(w) Driver][mysqld-9.7.0]A table must have at least one visible column.  Table = DFLastID (0), Source = ODBC_DRV.Structure_End.CreateTable
Progress:End time: 06/05/2026 17:57:58,209
End time: 06/05/2026 17:57:58,209
Progress:Total time to convert table: 0:0:0:0,006
Total time to convert table: 0:0:0:0,006

############################################################
List of tables that experienced errors while converting:
   CodeType - Unable to create.
   CodeMast - Unable to create.
   WebAppSes- Unable to create.
   DFLastID - Unable to create.
////////////////////////////////////////////////////////////
Finished conversion at 06/05/2026 17:57:58,209
Total conversion time: 0:0:0:0,037
////////////////////////////////////////////////////////////
////////////////////////////////////////////////////////////
Starting conversion at 06/05/2026 18:00:05,155
////////////////////////////////////////////////////////////

------------------------------------------------------------
Converting Recnum table: 253, CodeType, Code Maintenance Type Table
Progress:Start time: 06/05/2026 18:00:05,171
Start time: 06/05/2026 18:00:05,171
Structure_Start
Structure_Copy
Set_Attribute DF_FILE_RECNUM_TABLE to 0
Replacing recnum with primary index:1
Set_Attribute DF_FILE_PRIMARY_INDEX to 1
Set_Attribute DF_INDEX_SQL_PRIMARY_KEY to 1
AssignMinimalLength
RealignOverlaps
Structure_End
Progress:Creating new table.
Creating new table.
Progress:ERROR 12289: General error 42S01 (1050)--[MySQL][ODBC 9.7(w) Driver][mysqld-9.7.0]Table 'codetype' already exists  Table = CodeType (0), Source = ODBC_DRV.Structure_End.CreateTable
ERROR 12289: General error 42S01 (1050)--[MySQL][ODBC 9.7(w) Driver][mysqld-9.7.0]Table 'codetype' already exists  Table = CodeType (0), Source = ODBC_DRV.Structure_End.CreateTable
Progress:End time: 06/05/2026 18:00:05,171
End time: 06/05/2026 18:00:05,171
Progress:Total time to convert table: 0:0:0:0
Total time to convert table: 0:0:0:0

------------------------------------------------------------
Converting Recnum table: 254, CodeMast, Code Maintenance Code Table
Progress:Start time: 06/05/2026 18:00:05,171
Start time: 06/05/2026 18:00:05,171
Structure_Start
Structure_Copy
Set_Attribute DF_FILE_RECNUM_TABLE to 0
Replacing recnum with primary index:1
Set_Attribute DF_FILE_PRIMARY_INDEX to 1
Set_Attribute DF_INDEX_SQL_PRIMARY_KEY to 1
AssignMinimalLength
RealignOverlaps
Structure_End
Progress:Creating new table.
Creating new table.
Progress:ERROR 12289: General error 42S01 (1050)--[MySQL][ODBC 9.7(w) Driver][mysqld-9.7.0]Table 'codemast' already exists  Table = CodeMast (0), Source = ODBC_DRV.Structure_End.CreateTable
ERROR 12289: General error 42S01 (1050)--[MySQL][ODBC 9.7(w) Driver][mysqld-9.7.0]Table 'codemast' already exists  Table = CodeMast (0), Source = ODBC_DRV.Structure_End.CreateTable
Progress:End time: 06/05/2026 18:00:05,171
End time: 06/05/2026 18:00:05,171
Progress:Total time to convert table: 0:0:0:0
Total time to convert table: 0:0:0:0

------------------------------------------------------------
Converting Recnum table: 263, WebAppSession, WebApp Session
Progress:Start time: 06/05/2026 18:00:05,187
Start time: 06/05/2026 18:00:05,187
Structure_Start
Structure_Copy
Set_Attribute DF_FILE_RECNUM_TABLE to 0
Replacing recnum with primary index:1
Set_Attribute DF_FILE_PRIMARY_INDEX to 1
Set_Attribute DF_INDEX_SQL_PRIMARY_KEY to 1
AssignMinimalLength
RealignOverlaps
Structure_End
Progress:Creating new table.
Creating new table.
Progress:ERROR 12289: General error 42S01 (1050)--[MySQL][ODBC 9.7(w) Driver][mysqld-9.7.0]Table 'webappsession' already exists  Table = WebAppSession (0), Source = ODBC_DRV.Structure_End.CreateTable
ERROR 12289: General error 42S01 (1050)--[MySQL][ODBC 9.7(w) Driver][mysqld-9.7.0]Table 'webappsession' already exists  Table = WebAppSession (0), Source = ODBC_DRV.Structure_End.CreateTable
Progress:End time: 06/05/2026 18:00:05,194
End time: 06/05/2026 18:00:05,194
Progress:Total time to convert table: 0:0:0:0,007
Total time to convert table: 0:0:0:0,007

------------------------------------------------------------
Converting Recnum table: 270, DFLastID, DFLastID
Progress:Start time: 06/05/2026 18:00:05,194
Start time: 06/05/2026 18:00:05,194
Structure_Start
Structure_Copy
Set_Attribute DF_FILE_PRIMARY_INDEX to 0
AssignMinimalLength
RealignOverlaps
Structure_End
Progress:Creating new table.
Creating new table.
Progress:ERROR 12289: General error HY000 (4028)--[MySQL][ODBC 9.7(w) Driver][mysqld-9.7.0]A table must have at least one visible column.  Table = DFLastID (0), Source = ODBC_DRV.Structure_End.CreateTable
ERROR 12289: General error HY000 (4028)--[MySQL][ODBC 9.7(w) Driver][mysqld-9.7.0]A table must have at least one visible column.  Table = DFLastID (0), Source = ODBC_DRV.Structure_End.CreateTable
Progress:End time: 06/05/2026 18:00:05,202
End time: 06/05/2026 18:00:05,202
Progress:Total time to convert table: 0:0:0:0,008
Total time to convert table: 0:0:0:0,008

############################################################
List of tables that experienced errors while converting:
   CodeType - Unable to create.
   CodeMast - Unable to create.
   WebAppSes- Unable to create.
   DFLastID - Unable to create.
////////////////////////////////////////////////////////////
Finished conversion at 06/05/2026 18:00:05,202
Total conversion time: 0:0:0:0,047
////////////////////////////////////////////////////////////
////////////////////////////////////////////////////////////
Starting conversion at 06/05/2026 18:07:12,426
////////////////////////////////////////////////////////////

------------------------------------------------------------
Converting Recnum table: 253, CodeType, Code Maintenance Type Table
Progress:Start time: 06/05/2026 18:07:12,428
Start time: 06/05/2026 18:07:12,428
Structure_Start
Structure_Copy
Set_Attribute DF_FILE_RECNUM_TABLE to 0
Replacing recnum with primary index:1
Set_Attribute DF_FILE_PRIMARY_INDEX to 1
Set_Attribute DF_INDEX_SQL_PRIMARY_KEY to 1
AssignMinimalLength
RealignOverlaps
Structure_End
Progress:Creating new table.
Creating new table.
Progress:ERROR 12289: General error 42S01 (1050)--[MySQL][ODBC 9.7(w) Driver][mysqld-9.7.0]Table 'codetype' already exists  Table = CodeType (0), Source = ODBC_DRV.Structure_End.CreateTable
ERROR 12289: General error 42S01 (1050)--[MySQL][ODBC 9.7(w) Driver][mysqld-9.7.0]Table 'codetype' already exists  Table = CodeType (0), Source = ODBC_DRV.Structure_End.CreateTable
Progress:End time: 06/05/2026 18:07:12,428
End time: 06/05/2026 18:07:12,428
Progress:Total time to convert table: 0:0:0:0
Total time to convert table: 0:0:0:0

------------------------------------------------------------
Converting Recnum table: 254, CodeMast, Code Maintenance Code Table
Progress:Start time: 06/05/2026 18:07:12,428
Start time: 06/05/2026 18:07:12,428
Structure_Start
Structure_Copy
Set_Attribute DF_FILE_RECNUM_TABLE to 0
Replacing recnum with primary index:1
Set_Attribute DF_FILE_PRIMARY_INDEX to 1
Set_Attribute DF_INDEX_SQL_PRIMARY_KEY to 1
AssignMinimalLength
RealignOverlaps
Structure_End
Progress:Creating new table.
Creating new table.
Progress:ERROR 12289: General error 42S01 (1050)--[MySQL][ODBC 9.7(w) Driver][mysqld-9.7.0]Table 'codemast' already exists  Table = CodeMast (0), Source = ODBC_DRV.Structure_End.CreateTable
ERROR 12289: General error 42S01 (1050)--[MySQL][ODBC 9.7(w) Driver][mysqld-9.7.0]Table 'codemast' already exists  Table = CodeMast (0), Source = ODBC_DRV.Structure_End.CreateTable
Progress:End time: 06/05/2026 18:07:12,444
End time: 06/05/2026 18:07:12,444
Progress:Total time to convert table: 0:0:0:0,016
Total time to convert table: 0:0:0:0,016

------------------------------------------------------------
Converting Recnum table: 263, WebAppSession, WebApp Session
Progress:Start time: 06/05/2026 18:07:12,444
Start time: 06/05/2026 18:07:12,444
Structure_Start
Structure_Copy
Set_Attribute DF_FILE_RECNUM_TABLE to 0
Replacing recnum with primary index:1
Set_Attribute DF_FILE_PRIMARY_INDEX to 1
Set_Attribute DF_INDEX_SQL_PRIMARY_KEY to 1
AssignMinimalLength
RealignOverlaps
Structure_End
Progress:Creating new table.
Creating new table.
Progress:ERROR 12289: General error 42S01 (1050)--[MySQL][ODBC 9.7(w) Driver][mysqld-9.7.0]Table 'webappsession' already exists  Table = WebAppSession (0), Source = ODBC_DRV.Structure_End.CreateTable
ERROR 12289: General error 42S01 (1050)--[MySQL][ODBC 9.7(w) Driver][mysqld-9.7.0]Table 'webappsession' already exists  Table = WebAppSession (0), Source = ODBC_DRV.Structure_End.CreateTable
Progress:End time: 06/05/2026 18:07:12,444
End time: 06/05/2026 18:07:12,444
Progress:Total time to convert table: 0:0:0:0
Total time to convert table: 0:0:0:0

############################################################
List of tables that experienced errors while converting:
   CodeType - Unable to create.
   CodeMast - Unable to create.
   WebAppSes- Unable to create.
////////////////////////////////////////////////////////////
Finished conversion at 06/05/2026 18:07:12,461
Total conversion time: 0:0:0:0,033
////////////////////////////////////////////////////////////
////////////////////////////////////////////////////////////
Starting conversion at 06/05/2026 18:08:40,652
////////////////////////////////////////////////////////////

------------------------------------------------------------
Converting Recnum table: 253, CodeType, Code Maintenance Type Table
Progress:Start time: 06/05/2026 18:08:40,652
Start time: 06/05/2026 18:08:40,652
Structure_Start
Structure_Copy
Set_Attribute DF_FILE_RECNUM_TABLE to 0
Replacing recnum with primary index:1
Set_Attribute DF_FILE_PRIMARY_INDEX to 1
Set_Attribute DF_INDEX_SQL_PRIMARY_KEY to 1
AssignMinimalLength
RealignOverlaps
Structure_End
Progress:Creating new table.
Creating new table.
Progress:ERROR 12289: General error 42S01 (1050)--[MySQL][ODBC 9.7(w) Driver][mysqld-9.7.0]Table 'codetype' already exists  Table = CodeType (0), Source = ODBC_DRV.Structure_End.CreateTable
ERROR 12289: General error 42S01 (1050)--[MySQL][ODBC 9.7(w) Driver][mysqld-9.7.0]Table 'codetype' already exists  Table = CodeType (0), Source = ODBC_DRV.Structure_End.CreateTable
Progress:End time: 06/05/2026 18:08:40,657
End time: 06/05/2026 18:08:40,657
Progress:Total time to convert table: 0:0:0:0,005
Total time to convert table: 0:0:0:0,005

------------------------------------------------------------
Converting Recnum table: 254, CodeMast, Code Maintenance Code Table
Progress:Start time: 06/05/2026 18:08:40,665
Start time: 06/05/2026 18:08:40,665
Structure_Start
Structure_Copy
Set_Attribute DF_FILE_RECNUM_TABLE to 0
Replacing recnum with primary index:1
Set_Attribute DF_FILE_PRIMARY_INDEX to 1
Set_Attribute DF_INDEX_SQL_PRIMARY_KEY to 1
AssignMinimalLength
RealignOverlaps
Structure_End
Progress:Creating new table.
Creating new table.
Progress:ERROR 12289: General error 42S01 (1050)--[MySQL][ODBC 9.7(w) Driver][mysqld-9.7.0]Table 'codemast' already exists  Table = CodeMast (0), Source = ODBC_DRV.Structure_End.CreateTable
ERROR 12289: General error 42S01 (1050)--[MySQL][ODBC 9.7(w) Driver][mysqld-9.7.0]Table 'codemast' already exists  Table = CodeMast (0), Source = ODBC_DRV.Structure_End.CreateTable
Progress:End time: 06/05/2026 18:08:40,665
End time: 06/05/2026 18:08:40,665
Progress:Total time to convert table: 0:0:0:0
Total time to convert table: 0:0:0:0

------------------------------------------------------------
Converting Recnum table: 263, WebAppSession, WebApp Session
Progress:Start time: 06/05/2026 18:08:40,665
Start time: 06/05/2026 18:08:40,665
Structure_Start
Structure_Copy
Set_Attribute DF_FILE_RECNUM_TABLE to 0
Replacing recnum with primary index:1
Set_Attribute DF_FILE_PRIMARY_INDEX to 1
Set_Attribute DF_INDEX_SQL_PRIMARY_KEY to 1
AssignMinimalLength
RealignOverlaps
Structure_End
Progress:Creating new table.
Creating new table.
Progress:ERROR 12289: General error 42S01 (1050)--[MySQL][ODBC 9.7(w) Driver][mysqld-9.7.0]Table 'webappsession' already exists  Table = WebAppSession (0), Source = ODBC_DRV.Structure_End.CreateTable
ERROR 12289: General error 42S01 (1050)--[MySQL][ODBC 9.7(w) Driver][mysqld-9.7.0]Table 'webappsession' already exists  Table = WebAppSession (0), Source = ODBC_DRV.Structure_End.CreateTable
Progress:End time: 06/05/2026 18:08:40,673
End time: 06/05/2026 18:08:40,673
Progress:Total time to convert table: 0:0:0:0,008
Total time to convert table: 0:0:0:0,008

------------------------------------------------------------
Converting Recnum table: 270, DFLastID, DFLastID
Progress:Start time: 06/05/2026 18:08:40,673
Start time: 06/05/2026 18:08:40,673
Structure_Start
Structure_Copy
Set_Attribute DF_FILE_PRIMARY_INDEX to 0
AssignMinimalLength
RealignOverlaps
Structure_End
Progress:Creating new table.
Creating new table.
Progress:ERROR 12289: General error HY000 (4028)--[MySQL][ODBC 9.7(w) Driver][mysqld-9.7.0]A table must have at least one visible column.  Table = DFLastID (0), Source = ODBC_DRV.Structure_End.CreateTable
ERROR 12289: General error HY000 (4028)--[MySQL][ODBC 9.7(w) Driver][mysqld-9.7.0]A table must have at least one visible column.  Table = DFLastID (0), Source = ODBC_DRV.Structure_End.CreateTable
Progress:End time: 06/05/2026 18:08:40,673
End time: 06/05/2026 18:08:40,673
Progress:Total time to convert table: 0:0:0:0
Total time to convert table: 0:0:0:0

############################################################
List of tables that experienced errors while converting:
   CodeType - Unable to create.
   CodeMast - Unable to create.
   WebAppSes- Unable to create.
   DFLastID - Unable to create.
////////////////////////////////////////////////////////////
Finished conversion at 06/05/2026 18:08:40,689
Total conversion time: 0:0:0:0,021
////////////////////////////////////////////////////////////
